0 info it worked if it ends with ok
1 verbose cli [ 'node', '/usr/local/bin/npm', 'install', 'express' ]
2 info using npm@2.5.1
3 info using node@v0.12.0
4 warn package.json polar-bear-panic@0.0.1 No repository field.
5 silly cache add args [ 'express@^4.9.8', null ]
6 verbose cache add spec express@^4.9.8
7 silly cache add parsed spec { raw: 'express@^4.9.8',
7 silly cache add   scope: null,
7 silly cache add   name: 'express',
7 silly cache add   rawSpec: '^4.9.8',
7 silly cache add   spec: '>=4.9.8 <5.0.0',
7 silly cache add   type: 'range' }
8 verbose addNamed express@>=4.9.8 <5.0.0
9 silly addNamed semver.valid null
10 silly addNamed semver.validRange >=4.9.8 <5.0.0
11 silly addNameRange { name: 'express', range: '>=4.9.8 <5.0.0', hasData: false }
12 silly mapToRegistry name express
13 silly mapToRegistry using default registry
14 silly mapToRegistry registry https://registry.npmjs.org/
15 silly mapToRegistry uri https://registry.npmjs.org/express
16 verbose addNameRange registry:https://registry.npmjs.org/express not in flight; fetching
17 verbose request uri https://registry.npmjs.org/express
18 verbose request no auth needed
19 info attempt registry request try #1 at 10:25:11 PM
20 verbose request id 7a1e49e3f164526f
21 verbose etag "1MHEMS0T1D2PB1QIJE899VTPN"
22 http request GET https://registry.npmjs.org/express
23 http 304 https://registry.npmjs.org/express
24 silly get cb [ 304,
24 silly get   { date: 'Sun, 08 Mar 2015 03:25:12 GMT',
24 silly get     server: 'Apache',
24 silly get     via: '1.1 varnish',
24 silly get     'last-modified': 'Sun, 08 Mar 2015 03:25:12 GMT',
24 silly get     'cache-control': 'max-age=60',
24 silly get     etag: '"1MHEMS0T1D2PB1QIJE899VTPN"',
24 silly get     age: '21',
24 silly get     'x-served-by': 'cache-atl6232-ATL',
24 silly get     'x-cache': 'HIT',
24 silly get     'x-cache-hits': '1',
24 silly get     'x-timer': 'S1425785112.283325,VS0,VE7',
24 silly get     vary: 'Accept',
24 silly get     'content-length': '0',
24 silly get     'keep-alive': 'timeout=10, max=50',
24 silly get     connection: 'Keep-Alive' } ]
25 verbose etag https://registry.npmjs.org/express from cache
26 verbose get saving express to /Users/ryanstorberg/.npm/registry.npmjs.org/express/.cache.json
27 silly addNameRange number 2 { name: 'express', range: '>=4.9.8 <5.0.0', hasData: true }
28 silly addNameRange versions [ 'express',
28 silly addNameRange   [ '0.14.0',
28 silly addNameRange     '0.14.1',
28 silly addNameRange     '1.0.0',
28 silly addNameRange     '1.0.1',
28 silly addNameRange     '1.0.2',
28 silly addNameRange     '1.0.3',
28 silly addNameRange     '1.0.4',
28 silly addNameRange     '1.0.5',
28 silly addNameRange     '1.0.6',
28 silly addNameRange     '1.0.7',
28 silly addNameRange     '1.0.8',
28 silly addNameRange     '2.0.0',
28 silly addNameRange     '2.1.0',
28 silly addNameRange     '2.1.1',
28 silly addNameRange     '2.2.0',
28 silly addNameRange     '2.2.1',
28 silly addNameRange     '2.2.2',
28 silly addNameRange     '2.3.0',
28 silly addNameRange     '2.3.1',
28 silly addNameRange     '2.3.2',
28 silly addNameRange     '2.3.3',
28 silly addNameRange     '2.3.4',
28 silly addNameRange     '2.3.5',
28 silly addNameRange     '2.3.6',
28 silly addNameRange     '2.3.7',
28 silly addNameRange     '2.3.8',
28 silly addNameRange     '2.3.9',
28 silly addNameRange     '2.3.10',
28 silly addNameRange     '2.3.11',
28 silly addNameRange     '2.3.12',
28 silly addNameRange     '2.4.0',
28 silly addNameRange     '2.4.1',
28 silly addNameRange     '2.4.2',
28 silly addNameRange     '2.4.3',
28 silly addNameRange     '2.4.4',
28 silly addNameRange     '2.4.5',
28 silly addNameRange     '2.4.6',
28 silly addNameRange     '2.4.7',
28 silly addNameRange     '2.5.0',
28 silly addNameRange     '2.5.1',
28 silly addNameRange     '2.5.2',
28 silly addNameRange     '2.5.3',
28 silly addNameRange     '2.5.4',
28 silly addNameRange     '2.5.5',
28 silly addNameRange     '2.5.6',
28 silly addNameRange     '2.5.7',
28 silly addNameRange     '2.5.8',
28 silly addNameRange     '2.5.9',
28 silly addNameRange     '2.5.10',
28 silly addNameRange     '2.5.11',
28 silly addNameRange     '3.0.0',
28 silly addNameRange     '3.0.1',
28 silly addNameRange     '3.0.2',
28 silly addNameRange     '3.0.3',
28 silly addNameRange     '3.0.4',
28 silly addNameRange     '3.0.5',
28 silly addNameRange     '3.0.6',
28 silly addNameRange     '3.1.0',
28 silly addNameRange     '3.1.1',
28 silly addNameRange     '3.1.2',
28 silly addNameRange     '3.2.0',
28 silly addNameRange     '3.2.1',
28 silly addNameRange     '3.2.2',
28 silly addNameRange     '3.2.3',
28 silly addNameRange     '3.2.4',
28 silly addNameRange     '3.2.5',
28 silly addNameRange     '3.2.6',
28 silly addNameRange     '3.3.0',
28 silly addNameRange     '3.3.1',
28 silly addNameRange     '3.3.2',
28 silly addNameRange     '3.3.3',
28 silly addNameRange     '3.3.4',
28 silly addNameRange     '3.3.5',
28 silly addNameRange     '3.3.6',
28 silly addNameRange     '1.0.0-beta',
28 silly addNameRange     '1.0.0-beta2',
28 silly addNameRange     '1.0.0-rc',
28 silly addNameRange     '1.0.0-rc2',
28 silly addNameRange     '1.0.0-rc3',
28 silly addNameRange     '1.0.0-rc4',
28 silly addNameRange     '2.0.0-beta',
28 silly addNameRange     '2.0.0-beta2',
28 silly addNameRange     '2.0.0-beta3',
28 silly addNameRange     '2.0.0-rc',
28 silly addNameRange     '2.0.0-rc2',
28 silly addNameRange     '2.0.0-rc3',
28 silly addNameRange     '3.0.0-alpha1',
28 silly addNameRange     '3.0.0-alpha2',
28 silly addNameRange     '3.0.0-alpha3',
28 silly addNameRange     '3.0.0-alpha4',
28 silly addNameRange     '3.0.0-alpha5',
28 silly addNameRange     '3.0.0-beta1',
28 silly addNameRange     '3.0.0-beta2',
28 silly addNameRange     '3.0.0-beta3',
28 silly addNameRange     '3.0.0-beta4',
28 silly addNameRange     '3.0.0-beta6',
28 silly addNameRange     '3.0.0-beta7',
28 silly addNameRange     '3.0.0-rc1',
28 silly addNameRange     '3.0.0-rc2',
28 silly addNameRange     '3.0.0-rc3',
28 silly addNameRange     '3.0.0-rc4',
28 silly addNameRange     '3.0.0-rc5',
28 silly addNameRange     '3.3.7',
28 silly addNameRange     '3.3.8',
28 silly addNameRange     '3.4.0',
28 silly addNameRange     '3.4.1',
28 silly addNameRange     '3.4.2',
28 silly addNameRange     '3.4.3',
28 silly addNameRange     '3.4.4',
28 silly addNameRange     '3.4.5',
28 silly addNameRange     '3.4.6',
28 silly addNameRange     '3.4.7',
28 silly addNameRange     '3.4.8',
28 silly addNameRange     '4.0.0-rc1',
28 silly addNameRange     '4.0.0-rc2',
28 silly addNameRange     '3.5.0',
28 silly addNameRange     '4.0.0-rc3',
28 silly addNameRange     '4.0.0-rc4',
28 silly addNameRange     '3.5.1',
28 silly addNameRange     '4.0.0',
28 silly addNameRange     '3.5.2',
28 silly addNameRange     '4.1.0',
28 silly addNameRange     '4.1.1',
28 silly addNameRange     '3.5.3',
28 silly addNameRange     '4.1.2',
28 silly addNameRange     '3.6.0',
28 silly addNameRange     '4.2.0',
28 silly addNameRange     '3.7.0',
28 silly addNameRange     '3.8.0',
28 silly addNameRange     '4.3.0',
28 silly addNameRange     '4.3.1',
28 silly addNameRange     '3.8.1',
28 silly addNameRange     '4.3.2',
28 silly addNameRange     '3.9.0',
28 silly addNameRange     '4.4.0',
28 silly addNameRange     '4.4.1',
28 silly addNameRange     '3.10.0',
28 silly addNameRange     '3.10.1',
28 silly addNameRange     '3.10.2',
28 silly addNameRange     '3.10.3',
28 silly addNameRange     '3.10.4',
28 silly addNameRange     '4.4.2',
28 silly addNameRange     '3.10.5',
28 silly addNameRange     '4.4.3',
28 silly addNameRange     '3.11.0',
28 silly addNameRange     '4.4.4',
28 silly addNameRange     '3.12.0',
28 silly addNameRange     '3.12.1',
28 silly addNameRange     '4.4.5',
28 silly addNameRange     '3.13.0',
28 silly addNameRange     '4.5.0',
28 silly addNameRange     '4.5.1',
28 silly addNameRange     '3.14.0',
28 silly addNameRange     '4.6.0',
28 silly addNameRange     '4.6.1',
28 silly addNameRange     '3.15.0',
28 silly addNameRange     '4.7.0',
28 silly addNameRange     '3.15.1',
28 silly addNameRange     '4.7.1',
28 silly addNameRange     '3.15.2',
28 silly addNameRange     '4.7.2',
28 silly addNameRange     '4.7.3',
28 silly addNameRange     '3.15.3',
28 silly addNameRange     '4.7.4',
28 silly addNameRange     '3.16.0',
28 silly addNameRange     '4.8.0',
28 silly addNameRange     '3.16.1',
28 silly addNameRange     '4.8.1',
28 silly addNameRange     '3.16.2',
28 silly addNameRange     '4.8.2',
28 silly addNameRange     '3.16.3',
28 silly addNameRange     '3.16.4',
28 silly addNameRange     '4.8.3',
28 silly addNameRange     '3.16.5',
28 silly addNameRange     '3.16.6',
28 silly addNameRange     '4.8.4',
28 silly addNameRange     '3.16.7',
28 silly addNameRange     '4.8.5',
28 silly addNameRange     '3.16.8',
28 silly addNameRange     '4.8.6',
28 silly addNameRange     '3.16.9',
28 silly addNameRange     '4.8.7',
28 silly addNameRange     '3.16.10',
28 silly addNameRange     '4.8.8',
28 silly addNameRange     '3.17.0',
28 silly addNameRange     '3.17.1',
28 silly addNameRange     '4.9.0',
28 silly addNameRange     '3.17.2',
28 silly addNameRange     '4.9.1',
28 silly addNameRange     '4.9.2',
28 silly addNameRange     '3.17.3',
28 silly addNameRange     '4.9.3',
28 silly addNameRange     '3.17.4',
28 silly addNameRange     '4.9.4',
28 silly addNameRange     '3.17.5',
28 silly addNameRange     '4.9.5',
28 silly addNameRange     '3.17.6',
28 silly addNameRange     '3.17.7',
28 silly addNameRange     '4.9.6',
28 silly addNameRange     '4.9.7',
28 silly addNameRange     '3.17.8',
28 silly addNameRange     '4.9.8',
28 silly addNameRange     '3.18.0',
28 silly addNameRange     '3.18.1',
28 silly addNameRange     '4.10.0',
28 silly addNameRange     '3.18.2',
28 silly addNameRange     '4.10.1',
28 silly addNameRange     '5.0.0-alpha.1',
28 silly addNameRange     '3.18.3',
28 silly addNameRange     '4.10.2',
28 silly addNameRange     '3.18.4',
28 silly addNameRange     '4.10.3',
28 silly addNameRange     '4.10.4',
28 silly addNameRange     '4.10.5',
28 silly addNameRange     '3.18.5',
28 silly addNameRange     '3.18.6',
28 silly addNameRange     '4.10.6',
28 silly addNameRange     '4.10.7',
28 silly addNameRange     '3.19.0',
28 silly addNameRange     '4.10.8',
28 silly addNameRange     '4.11.0',
28 silly addNameRange     '3.19.1',
28 silly addNameRange     '4.11.1',
28 silly addNameRange     '3.19.2',
28 silly addNameRange     '4.11.2',
28 silly addNameRange     '3.20.0',
28 silly addNameRange     '4.12.0',
28 silly addNameRange     '3.20.1',
28 silly addNameRange     '4.12.1',
28 silly addNameRange     '4.12.2' ] ]
29 verbose addNamed express@4.12.2
30 silly addNamed semver.valid 4.12.2
31 silly addNamed semver.validRange 4.12.2
32 silly cache afterAdd express@4.12.2
33 verbose afterAdd /Users/ryanstorberg/.npm/express/4.12.2/package/package.json not in flight; writing
34 verbose afterAdd /Users/ryanstorberg/.npm/express/4.12.2/package/package.json written
35 silly install resolved [ { name: 'express',
35 silly install resolved     description: 'Fast, unopinionated, minimalist web framework',
35 silly install resolved     version: '4.12.2',
35 silly install resolved     author: { name: 'TJ Holowaychuk', email: 'tj@vision-media.ca' },
35 silly install resolved     contributors:
35 silly install resolved      [ [Object],
35 silly install resolved        [Object],
35 silly install resolved        [Object],
35 silly install resolved        [Object],
35 silly install resolved        [Object],
35 silly install resolved        [Object],
35 silly install resolved        [Object] ],
35 silly install resolved     license: 'MIT',
35 silly install resolved     repository: { type: 'git', url: 'https://github.com/strongloop/express' },
35 silly install resolved     homepage: 'http://expressjs.com/',
35 silly install resolved     keywords:
35 silly install resolved      [ 'express',
35 silly install resolved        'framework',
35 silly install resolved        'sinatra',
35 silly install resolved        'web',
35 silly install resolved        'rest',
35 silly install resolved        'restful',
35 silly install resolved        'router',
35 silly install resolved        'app',
35 silly install resolved        'api' ],
35 silly install resolved     dependencies:
35 silly install resolved      { accepts: '~1.2.4',
35 silly install resolved        'content-disposition': '0.5.0',
35 silly install resolved        'content-type': '~1.0.1',
35 silly install resolved        'cookie-signature': '1.0.6',
35 silly install resolved        debug: '~2.1.1',
35 silly install resolved        depd: '~1.0.0',
35 silly install resolved        'escape-html': '1.0.1',
35 silly install resolved        etag: '~1.5.1',
35 silly install resolved        finalhandler: '0.3.3',
35 silly install resolved        fresh: '0.2.4',
35 silly install resolved        'merge-descriptors': '1.0.0',
35 silly install resolved        methods: '~1.1.1',
35 silly install resolved        'on-finished': '~2.2.0',
35 silly install resolved        parseurl: '~1.3.0',
35 silly install resolved        'path-to-regexp': '0.1.3',
35 silly install resolved        'proxy-addr': '~1.0.6',
35 silly install resolved        qs: '2.3.3',
35 silly install resolved        'range-parser': '~1.0.2',
35 silly install resolved        send: '0.12.1',
35 silly install resolved        'serve-static': '~1.9.1',
35 silly install resolved        'type-is': '~1.6.0',
35 silly install resolved        vary: '~1.0.0',
35 silly install resolved        cookie: '0.1.2',
35 silly install resolved        'utils-merge': '1.0.0' },
35 silly install resolved     devDependencies:
35 silly install resolved      { after: '0.8.1',
35 silly install resolved        ejs: '2.3.1',
35 silly install resolved        istanbul: '0.3.6',
35 silly install resolved        marked: '0.3.3',
35 silly install resolved        mocha: '~2.1.0',
35 silly install resolved        should: '~5.0.1',
35 silly install resolved        supertest: '~0.15.0',
35 silly install resolved        'body-parser': '~1.12.0',
35 silly install resolved        'connect-redis': '~2.2.0',
35 silly install resolved        'cookie-parser': '~1.3.4',
35 silly install resolved        'express-session': '~1.10.3',
35 silly install resolved        jade: '~1.9.2',
35 silly install resolved        'method-override': '~2.3.1',
35 silly install resolved        morgan: '~1.5.1',
35 silly install resolved        multiparty: '~4.1.1',
35 silly install resolved        vhost: '~3.0.0' },
35 silly install resolved     engines: { node: '>= 0.10.0' },
35 silly install resolved     files: [ 'LICENSE', 'History.md', 'Readme.md', 'index.js', 'lib/' ],
35 silly install resolved     scripts:
35 silly install resolved      { test: 'mocha --require test/support/env --reporter spec --bail --check-leaks test/ test/acceptance/',
35 silly install resolved        'test-ci': 'istanbul cover node_modules/mocha/bin/_mocha --report lcovonly -- --require test/support/env --reporter spec --check-leaks test/ test/acceptance/',
35 silly install resolved        'test-cov': 'istanbul cover node_modules/mocha/bin/_mocha -- --require test/support/env --reporter dot --check-leaks test/ test/acceptance/',
35 silly install resolved        'test-tap': 'mocha --require test/support/env --reporter tap --check-leaks test/ test/acceptance/' },
35 silly install resolved     gitHead: 'dee9fbbbda2f2483c657cf912f68db1a5ba1fcac',
35 silly install resolved     bugs: { url: 'https://github.com/strongloop/express/issues' },
35 silly install resolved     _id: 'express@4.12.2',
35 silly install resolved     _shasum: '7e72ad4c1b4edf07536a6d1e2acec0161d8564bd',
35 silly install resolved     _from: 'express@>=4.9.8 <5.0.0',
35 silly install resolved     _npmVersion: '1.4.28',
35 silly install resolved     _npmUser: { name: 'dougwilson', email: 'doug@somethingdoug.com' },
35 silly install resolved     maintainers:
35 silly install resolved      [ [Object],
35 silly install resolved        [Object],
35 silly install resolved        [Object],
35 silly install resolved        [Object],
35 silly install resolved        [Object],
35 silly install resolved        [Object],
35 silly install resolved        [Object] ],
35 silly install resolved     dist:
35 silly install resolved      { shasum: '7e72ad4c1b4edf07536a6d1e2acec0161d8564bd',
35 silly install resolved        tarball: 'http://registry.npmjs.org/express/-/express-4.12.2.tgz' },
35 silly install resolved     directories: {},
35 silly install resolved     _resolved: 'https://registry.npmjs.org/express/-/express-4.12.2.tgz',
35 silly install resolved     readme: 'ERROR: No README data found!' } ]
36 info install express@4.12.2 into /Users/ryanstorberg/Google Drive/Projects/polar-bear-panic
37 info installOne express@4.12.2
38 verbose installOne of express to /Users/ryanstorberg/Google Drive/Projects/polar-bear-panic not in flight; installing
39 warn locking Error: EACCES, open '/Users/ryanstorberg/.npm/_locks/express-e8e805e53b14c621.lock'
39 warn locking     at Error (native)
39 warn locking  /Users/ryanstorberg/.npm/_locks/express-e8e805e53b14c621.lock failed { [Error: EACCES, open '/Users/ryanstorberg/.npm/_locks/express-e8e805e53b14c621.lock']
39 warn locking   errno: -13,
39 warn locking   code: 'EACCES',
39 warn locking   path: '/Users/ryanstorberg/.npm/_locks/express-e8e805e53b14c621.lock' }
40 verbose stack Error: Attempt to unlock /Users/ryanstorberg/Google Drive/Projects/polar-bear-panic/node_modules/express, which hasn't been locked
40 verbose stack     at unlock (/usr/local/lib/node_modules/npm/lib/utils/locker.js:66:11)
40 verbose stack     at cb (/usr/local/lib/node_modules/npm/lib/install.js:929:5)
40 verbose stack     at /usr/local/lib/node_modules/npm/lib/install.js:933:20
40 verbose stack     at /usr/local/lib/node_modules/npm/lib/utils/locker.js:40:9
40 verbose stack     at cb (/usr/local/lib/node_modules/npm/node_modules/lockfile/lockfile.js:149:38)
40 verbose stack     at /usr/local/lib/node_modules/npm/node_modules/lockfile/lockfile.js:177:38
40 verbose stack     at FSReqWrap.oncomplete (fs.js:99:15)
41 verbose cwd /Users/ryanstorberg/Google Drive/Projects/polar-bear-panic
42 error Darwin 14.3.0
43 error argv "node" "/usr/local/bin/npm" "install" "express"
44 error node v0.12.0
45 error npm  v2.5.1
46 error Attempt to unlock /Users/ryanstorberg/Google Drive/Projects/polar-bear-panic/node_modules/express, which hasn't been locked
47 error If you need help, you may report this error at:
47 error     <http://github.com/npm/npm/issues>
48 verbose exit [ 1, true ]
